<?xml version="1.0" encoding="UTF-8"?>
<!-- Generated by org.testng.reporters.JUnitReportReporter -->
<testsuite hostname="daisy01-huang" name="com.juvenxu.mvnbook.account.captcha.RandomGeneratorTest" tests="1" failures="0" timestamp="5 May 2017 01:30:26 GMT" time="0.001" errors="0">
  <testcase name="testGetRandomString" time="0.001" classname="com.juvenxu.mvnbook.account.captcha.RandomGeneratorTest"/>
</testsuite> <!-- com.juvenxu.mvnbook.account.captcha.RandomGeneratorTest -->
