<?xml version="1.0" encoding="UTF-8"?>
<!-- Generated by org.testng.reporters.JUnitReportReporter -->
<testsuite hostname="daisy01-huang" name="com.juvenxu.mvnbook.account.captcha.AccountCaptchaServiceTest" tests="3" failures="0" timestamp="4 May 2017 10:02:21 GMT" time="0.525" errors="0">
  <testcase name="testValidateCaptchaCorrect" time="0.035" classname="com.juvenxu.mvnbook.account.captcha.AccountCaptchaServiceTest"/>
  <testcase name="testValidateCaptchaIncorrect" time="0.184" classname="com.juvenxu.mvnbook.account.captcha.AccountCaptchaServiceTest"/>
  <testcase name="testGenerateCaptcha" time="0.306" classname="com.juvenxu.mvnbook.account.captcha.AccountCaptchaServiceTest"/>
</testsuite> <!-- com.juvenxu.mvnbook.account.captcha.AccountCaptchaServiceTest -->
