<?xml version="1.0" encoding="UTF-8"?>
<!-- Generated by org.testng.reporters.JUnitReportReporter -->
<testsuite hostname="daisy01-huang" name="com.juvenxu.mvnbook.account.email.AccountEmailServiceTest" tests="1" failures="0" timestamp="5 May 2017 01:30:23 GMT" time="0.302" errors="0">
  <testcase name="testSendMail" time="0.302" classname="com.juvenxu.mvnbook.account.email.AccountEmailServiceTest"/>
</testsuite> <!-- com.juvenxu.mvnbook.account.email.AccountEmailServiceTest -->
