<?xml version="1.0" encoding="UTF-8"?>
<!-- Generated by org.testng.reporters.JUnitReportReporter -->
<testsuite hostname="daisy01-huang" name="com.juvenxu.mvnbook.account.email.AccountEmailServiceTest" tests="1" failures="0" timestamp="4 May 2017 10:02:18 GMT" time="0.293" errors="0">
  <testcase name="testSendMail" time="0.293" classname="com.juvenxu.mvnbook.account.email.AccountEmailServiceTest"/>
</testsuite> <!-- com.juvenxu.mvnbook.account.email.AccountEmailServiceTest -->
