<?xml version="1.0" encoding="UTF-8"?>
<!-- Generated by org.testng.reporters.JUnitReportReporter -->
<testsuite hostname="daisy01-huang" name="com.juvenxu.mvnbook.account.service.AccountServiceTest" tests="1" failures="0" timestamp="4 May 2017 10:02:23 GMT" time="0.533" errors="0">
  <testcase name="testAccountService" time="0.533" classname="com.juvenxu.mvnbook.account.service.AccountServiceTest"/>
</testsuite> <!-- com.juvenxu.mvnbook.account.service.AccountServiceTest -->
