<?xml version="1.0" encoding="UTF-8"?>
<!-- Generated by org.testng.reporters.JUnitReportReporter -->
<testsuite hostname="daisy01-huang" name="com.juvenxu.mvnbook.account.persist.AccountPersistServiceTest" tests="4" failures="0" timestamp="5 May 2017 01:30:24 GMT" time="0.291" errors="0">
  <testcase name="testCreateAccount" time="0.226" classname="com.juvenxu.mvnbook.account.persist.AccountPersistServiceTest"/>
  <testcase name="testReadAccount" time="0.019" classname="com.juvenxu.mvnbook.account.persist.AccountPersistServiceTest"/>
  <testcase name="testDeleteAccount" time="0.026" classname="com.juvenxu.mvnbook.account.persist.AccountPersistServiceTest"/>
  <testcase name="testUpdateAccount" time="0.020" classname="com.juvenxu.mvnbook.account.persist.AccountPersistServiceTest"/>
</testsuite> <!-- com.juvenxu.mvnbook.account.persist.AccountPersistServiceTest -->
