<?xml version="1.0" encoding="UTF-8"?>
<!-- Generated by org.testng.reporters.JUnitReportReporter -->
<testsuite hostname="daisy01-huang" name="com.juvenxu.mvnbook.account.persist.AccountPersistServiceTest" tests="4" failures="0" timestamp="4 May 2017 10:02:19 GMT" time="0.297" errors="0">
  <testcase name="testCreateAccount" time="0.227" classname="com.juvenxu.mvnbook.account.persist.AccountPersistServiceTest"/>
  <testcase name="testReadAccount" time="0.020" classname="com.juvenxu.mvnbook.account.persist.AccountPersistServiceTest"/>
  <testcase name="testDeleteAccount" time="0.027" classname="com.juvenxu.mvnbook.account.persist.AccountPersistServiceTest"/>
  <testcase name="testUpdateAccount" time="0.023" classname="com.juvenxu.mvnbook.account.persist.AccountPersistServiceTest"/>
</testsuite> <!-- com.juvenxu.mvnbook.account.persist.AccountPersistServiceTest -->
